C:\Users\Administrator\Desktop\imageprocess2\imageprocess\Debug\cl.command.1.tlog
C:\Users\Administrator\Desktop\imageprocess2\imageprocess\Debug\CL.read.1.tlog
C:\Users\Administrator\Desktop\imageprocess2\imageprocess\Debug\CL.write.1.tlog
C:\Users\Administrator\Desktop\imageprocess2\imageprocess\Debug\custombuild.command.1.tlog
C:\Users\Administrator\Desktop\imageprocess2\imageprocess\Debug\custombuild.read.1.tlog
C:\Users\Administrator\Desktop\imageprocess2\imageprocess\Debug\custombuild.write.1.tlog
C:\USERS\ADMINISTRATOR\DESKTOP\IMAGEPROCESS2\IMAGEPROCESS\DEBUG\IMAGEPROCESS.EXE.INTERMEDIATE.MANIFEST
C:\USERS\ADMINISTRATOR\DESKTOP\IMAGEPROCESS2\IMAGEPROCESS\DEBUG\IMAGEPROCESS.OBJ
C:\Users\Administrator\Desktop\imageprocess2\imageprocess\Debug\imageprocess.vcxprojResolveAssemblyReference.cache
C:\Users\Administrator\Desktop\imageprocess2\imageprocess\Debug\imageprocess.write.1.tlog
C:\Users\Administrator\Desktop\imageprocess2\imageprocess\Debug\link.command.1.tlog
C:\Users\Administrator\Desktop\imageprocess2\imageprocess\Debug\link.read.1.tlog
C:\Users\Administrator\Desktop\imageprocess2\imageprocess\Debug\link.write.1.tlog
C:\USERS\ADMINISTRATOR\DESKTOP\IMAGEPROCESS2\IMAGEPROCESS\DEBUG\MAIN.OBJ
C:\USERS\ADMINISTRATOR\DESKTOP\IMAGEPROCESS2\IMAGEPROCESS\DEBUG\MOC_IMAGEPROCESS.OBJ
C:\Users\Administrator\Desktop\imageprocess2\imageprocess\Debug\mt.command.1.tlog
C:\Users\Administrator\Desktop\imageprocess2\imageprocess\Debug\mt.read.1.tlog
C:\Users\Administrator\Desktop\imageprocess2\imageprocess\Debug\mt.write.1.tlog
C:\USERS\ADMINISTRATOR\DESKTOP\IMAGEPROCESS2\IMAGEPROCESS\DEBUG\QRC_IMAGEPROCESS.OBJ
C:\USERS\ADMINISTRATOR\DESKTOP\IMAGEPROCESS2\IMAGEPROCESS\DEBUG\VC100.PDB
C:\USERS\ADMINISTRATOR\DESKTOP\IMAGEPROCESS2\IMAGEPROCESS\GENERATEDFILES\DEBUG\MOC_IMAGEPROCESS.CPP
C:\USERS\ADMINISTRATOR\DESKTOP\IMAGEPROCESS2\IMAGEPROCESS\GENERATEDFILES\QRC_IMAGEPROCESS.CPP
C:\USERS\ADMINISTRATOR\DESKTOP\IMAGEPROCESS2\IMAGEPROCESS\GENERATEDFILES\UI_IMAGEPROCESS.H
C:\USERS\ADMINISTRATOR\DESKTOP\IMAGEPROCESS2\WIN32\DEBUG\IMAGEPROCESS.EXE
C:\USERS\ADMINISTRATOR\DESKTOP\IMAGEPROCESS2\WIN32\DEBUG\IMAGEPROCESS.ILK
C:\USERS\ADMINISTRATOR\DESKTOP\IMAGEPROCESS2\WIN32\DEBUG\IMAGEPROCESS.PDB
F:\QTPROJECT2\IMAGEPROCESS\IMAGEPROCESS\DEBUG\IMAGEPROCESS.EXE.INTERMEDIATE.MANIFEST
F:\QTPROJECT2\IMAGEPROCESS\IMAGEPROCESS\DEBUG\IMAGEPROCESS.OBJ
F:\QTPROJECT2\IMAGEPROCESS\IMAGEPROCESS\DEBUG\MAIN.OBJ
F:\QTPROJECT2\IMAGEPROCESS\IMAGEPROCESS\DEBUG\MOC_IMAGEPROCESS.OBJ
F:\QTPROJECT2\IMAGEPROCESS\IMAGEPROCESS\DEBUG\QRC_IMAGEPROCESS.OBJ
F:\QTPROJECT2\IMAGEPROCESS\IMAGEPROCESS\DEBUG\VC100.PDB
F:\QTPROJECT2\IMAGEPROCESS\IMAGEPROCESS\GENERATEDFILES\DEBUG\MOC_IMAGEPROCESS.CPP
F:\QTPROJECT2\IMAGEPROCESS\IMAGEPROCESS\GENERATEDFILES\QRC_IMAGEPROCESS.CPP
F:\QTPROJECT2\IMAGEPROCESS\IMAGEPROCESS\GENERATEDFILES\UI_IMAGEPROCESS.H
F:\QTPROJECT2\IMAGEPROCESS\WIN32\DEBUG\IMAGEPROCESS.EXE
F:\QTPROJECT2\IMAGEPROCESS\WIN32\DEBUG\IMAGEPROCESS.ILK
F:\QTPROJECT2\IMAGEPROCESS\WIN32\DEBUG\IMAGEPROCESS.PDB
